#
# A fatal error has been detected by the Java Runtime Environment:
#
#  EXCEPTION_ACCESS_VIOLATION (0xc0000005) at pc=0x000000005776f88a, pid=4980, tid=0x0000000000003490
#
# JRE version: Java(TM) SE Runtime Environment (8.0_111-b14) (build 1.8.0_111-b14)
# Java VM: Java HotSpot(TM) 64-Bit Server VM (25.111-b14 mixed mode windows-amd64 compressed oops)
# Problematic frame:
# C  [jfxwebkit.dll+0x81f88a]
#
# Failed to write core dump. Minidumps are not enabled by default on client versions of Windows
#
# If you would like to submit a bug report, please visit:
#   http://bugreport.java.com/bugreport/crash.jsp
# The crash happened outside the Java Virtual Machine in native code.
# See problematic frame for where to report the bug.
#

---------------  T H R E A D  ---------------

Current thread (0x000000001923b000):  JavaThread "JavaFX Application Thread" [_thread_in_native, id=13456, stack(0x0000000019930000,0x0000000019a30000)]

siginfo: ExceptionCode=0xc0000005, reading address 0x0000000000000298

Registers:
RAX=0x0000000000000000, RBX=0x000000002726ea70, RCX=0x00000000295eae20, RDX=0x0000000021aff830
RSP=0x0000000019a29850, RBP=0x0000000019a299c0, RSI=0x00000000272e15f0, RDI=0x0000000000000041
R8 =0x0000000057f86210, R9 =0xffff000000000000, R10=0x0000000000000000, R11=0xffff000000000002
R12=0x0000000021aff870, R13=0x0000000021aff830, R14=0x0000000021aff870, R15=0x000000002a016628
RIP=0x000000005776f88a, EFLAGS=0x0000000000010206

Top of Stack: (sp=0x0000000019a29850)
0x0000000019a29850:   0000000000000003 0000006400000001
0x0000000019a29860:   00000000272afb50 000000002724dc60
0x0000000019a29870:   000000002726ea70 00000000571f69c9
0x0000000019a29880:   0000000000000000 0000000021aff810
0x0000000019a29890:   0000000021aff870 0000000000000038
0x0000000019a298a0:   42771cc0d7a5e000 0000000000000000
0x0000000019a298b0:   000000002726ea70 0000000057cb7a3d
0x0000000019a298c0:   000000002a2f8690 00000000272afb50
0x0000000019a298d0:   000000002a309c80 00000000284b1930
0x0000000019a298e0:   000000002726ea70 00000000272e15f0
0x0000000019a298f0:   0000000000000041 0000000000000001
0x0000000019a29900:   0000000000000040 0000000000000000
0x0000000019a29910:   0000000021aff870 000000002037ee20
0x0000000019a29920:   0000000021aff838 0000000000000000
0x0000000019a29930:   0000000021b2ffd0 00000000000000c4
0x0000000019a29940:   0000000021aff680 000000002726ea70 

Instructions: (pc=0x000000005776f88a)
0x000000005776f86a:   50 28 48 8b 43 68 eb 04 48 8b 41 68 48 83 c4 30
0x000000005776f87a:   5b c3 cc cc cc cc 40 53 48 83 ec 20 48 8b 41 08
0x000000005776f88a:   48 8b 88 98 02 00 00 e8 ca 38 d6 ff 48 8b d8 e8
0x000000005776f89a:   92 91 3c 00 48 8d 8b d8 06 00 00 0f 28 c8 e8 e3 


Register to memory mapping:

RAX=0x0000000000000000 is an unknown value
RBX=0x000000002726ea70 is an unknown value
RCX=0x00000000295eae20 is an unknown value
RDX=0x0000000021aff830 is an unknown value
RSP=0x0000000019a29850 is pointing into the stack for thread: 0x000000001923b000
RBP=0x0000000019a299c0 is pointing into the stack for thread: 0x000000001923b000
RSI=0x00000000272e15f0 is an unknown value
RDI=0x0000000000000041 is an unknown value
R8 =0x0000000057f86210 is an unknown value
R9 =0xffff000000000000 is an unknown value
R10=0x0000000000000000 is an unknown value
R11=0xffff000000000002 is an unknown value
R12=0x0000000021aff870 is an unknown value
R13=0x0000000021aff830 is an unknown value
R14=0x0000000021aff870 is an unknown value
R15=0x000000002a016628 is an unknown value


Stack: [0x0000000019930000,0x0000000019a30000],  sp=0x0000000019a29850,  free space=998k
Native frames: (J=compiled Java code, j=interpreted, Vv=VM code, C=native code)
C  [jfxwebkit.dll+0x81f88a]
C  [jfxwebkit.dll+0x2a69c9]
C  [jfxwebkit.dll+0xd67a3d]
C  [jfxwebkit.dll+0xd314b3]
C  [jfxwebkit.dll+0xc371de]
C  [jfxwebkit.dll+0xc34946]
C  [jfxwebkit.dll+0xbc8225]
C  [jfxwebkit.dll+0xc8405a]
C  [jfxwebkit.dll+0xd67a3d]
C  [jfxwebkit.dll+0xd314b3]
C  [jfxwebkit.dll+0xc371de]
C  [jfxwebkit.dll+0xc34946]
C  [jfxwebkit.dll+0xbc8225]
C  [jfxwebkit.dll+0xc790b0]
C  [jfxwebkit.dll+0xd604b5]
C  [jfxwebkit.dll+0xd314e3]
C  [jfxwebkit.dll+0xc3498e]
C  [jfxwebkit.dll+0xbc8225]
C  [jfxwebkit.dll+0xc8405a]
C  [jfxwebkit.dll+0xd67a3d]
C  [jfxwebkit.dll+0xd314b3]
C  [jfxwebkit.dll+0xc371de]
C  [jfxwebkit.dll+0xc34946]
C  [jfxwebkit.dll+0xbc8225]
C  [jfxwebkit.dll+0x429490]
C  [jfxwebkit.dll+0x43d209]
C  [jfxwebkit.dll+0x5ad1e1]
C  [jfxwebkit.dll+0x5ad38c]
C  [jfxwebkit.dll+0x5c050d]
C  [jfxwebkit.dll+0x5a8136]
C  [jfxwebkit.dll+0x5a7dab]
C  [jfxwebkit.dll+0x5bfb64]
C  [jfxwebkit.dll+0x59e49a]
C  [jfxwebkit.dll+0x7fa0e1]
C  [jfxwebkit.dll+0x7fd46a]
C  [jfxwebkit.dll+0x894354]
C  0x0000000002ae7f74

Java frames: (J=compiled Java code, j=interpreted, Vv=VM code)
j  com.sun.webkit.WebPage.twkProcessMouseEvent(JIIIIIIIZZZZZF)Z+0
j  com.sun.webkit.WebPage.dispatchMouseEvent(Lcom/sun/webkit/event/WCMouseEvent;)Z+141
j  javafx.scene.web.WebView.processMouseEvent(Ljavafx/scene/input/MouseEvent;)V+175
j  javafx.scene.web.WebView.lambda$registerEventHandlers$32(Ljavafx/scene/input/MouseEvent;)V+2
j  javafx.scene.web.WebView$$Lambda$133.handle(Ljavafx/event/Event;)V+8
J 6593 C1 com.sun.javafx.event.CompositeEventHandler$NormalEventHandlerRecord.handleBubblingEvent(Ljavafx/event/Event;)V (11 bytes) @ 0x0000000003c35c84 [0x0000000003c35b80+0x104]
j  com.sun.javafx.event.CompositeEventHandler.dispatchBubblingEvent(Ljavafx/event/Event;)V+28
J 6233 C1 com.sun.javafx.event.EventHandlerManager.dispatchBubblingEvent(Ljavafx/event/Event;)Ljavafx/event/Event; (23 bytes) @ 0x000000000364398c [0x00000000036432e0+0x6ac]
J 6250 C1 com.sun.javafx.event.CompositeEventDispatcher.dispatchBubblingEvent(Ljavafx/event/Event;)Ljavafx/event/Event; (35 bytes) @ 0x0000000003636b5c [0x00000000036369a0+0x1bc]
J 2892 C1 com.sun.javafx.event.BasicEventDispatcher.dispatchEvent(Ljavafx/event/Event;Ljavafx/event/EventDispatchChain;)Ljavafx/event/Event; (44 bytes) @ 0x0000000003311cbc [0x0000000003311980+0x33c]
J 2699 C1 com.sun.javafx.event.EventDispatchChainImpl.dispatchEvent(Ljavafx/event/Event;)Ljavafx/event/Event; (101 bytes) @ 0x0000000002d676f4 [0x0000000002d67540+0x1b4]
J 2892 C1 com.sun.javafx.event.BasicEventDispatcher.dispatchEvent(Ljavafx/event/Event;Ljavafx/event/EventDispatchChain;)Ljavafx/event/Event; (44 bytes) @ 0x0000000003311bd4 [0x0000000003311980+0x254]
J 2699 C1 com.sun.javafx.event.EventDispatchChainImpl.dispatchEvent(Ljavafx/event/Event;)Ljavafx/event/Event; (101 bytes) @ 0x0000000002d676f4 [0x0000000002d67540+0x1b4]
J 2892 C1 com.sun.javafx.event.BasicEventDispatcher.dispatchEvent(Ljavafx/event/Event;Ljavafx/event/EventDispatchChain;)Ljavafx/event/Event; (44 bytes) @ 0x0000000003311bd4 [0x0000000003311980+0x254]
J 2699 C1 com.sun.javafx.event.EventDispatchChainImpl.dispatchEvent(Ljavafx/event/Event;)Ljavafx/event/Event; (101 bytes) @ 0x0000000002d676f4 [0x0000000002d67540+0x1b4]
J 6550 C1 com.sun.javafx.event.EventUtil.fireEvent(Ljavafx/event/EventTarget;Ljavafx/event/Event;)Ljavafx/event/Event; (81 bytes) @ 0x0000000003c22244 [0x0000000003c21b00+0x744]
J 6549 C1 javafx.event.Event.fireEvent(Ljavafx/event/EventTarget;Ljavafx/event/Event;)V (35 bytes) @ 0x00000000030af8ec [0x00000000030af820+0xcc]
j  javafx.scene.Scene$MouseHandler.process(Ljavafx/scene/input/MouseEvent;Z)V+491
j  javafx.scene.Scene$MouseHandler.access$1500(Ljavafx/scene/Scene$MouseHandler;Ljavafx/scene/input/MouseEvent;Z)V+3
j  javafx.scene.Scene.impl_processMouseEvent(Ljavafx/scene/input/MouseEvent;)V+6
j  javafx.scene.Scene$ScenePeerListener.mouseEvent(Ljavafx/event/EventType;DDDDLjavafx/scene/input/MouseButton;ZZZZZZZZZ)V+46
j  com.sun.javafx.tk.quantum.GlassViewEventHandler$MouseEventNotification.run()Ljava/lang/Void;+514
j  com.sun.javafx.tk.quantum.GlassViewEventHandler$MouseEventNotification.run()Ljava/lang/Object;+1
v  ~StubRoutines::call_stub
J 2344  java.security.AccessController.doPrivileged(Ljava/security/PrivilegedAction;Ljava/security/AccessControlContext;)Ljava/lang/Object; (0 bytes) @ 0x0000000003296ae6 [0x0000000003296a80+0x66]
j  com.sun.javafx.tk.quantum.GlassViewEventHandler.lambda$handleMouseEvent$354()Ljava/lang/Void;+11
j  com.sun.javafx.tk.quantum.GlassViewEventHandler$$Lambda$258.get()Ljava/lang/Object;+4
J 6594 C1 com.sun.javafx.tk.quantum.QuantumToolkit.runWithoutRenderLock(Ljava/util/function/Supplier;)Ljava/lang/Object; (49 bytes) @ 0x0000000003c3511c [0x0000000003c34be0+0x53c]
j  com.sun.javafx.tk.quantum.GlassViewEventHandler.handleMouseEvent(Lcom/sun/glass/ui/View;JIIIIIIIZZ)V+103
j  com.sun.glass.ui.View.handleMouseEvent(JIIIIIIIZZ)V+30
j  com.sun.glass.ui.View.notifyMouse(IIIIIIIZZ)V+181
v  ~StubRoutines::call_stub
j  com.sun.glass.ui.win.WinApplication._runLoop(Ljava/lang/Runnable;)V+0
j  com.sun.glass.ui.win.WinApplication.lambda$null$148(ILjava/lang/Runnable;)V+8
j  com.sun.glass.ui.win.WinApplication$$Lambda$38.run()V+12
j  java.lang.Thread.run()V+11
v  ~StubRoutines::call_stub

---------------  P R O C E S S  ---------------

Java Threads: ( => current thread )
  0x0000000020b4d800 JavaThread "URL-Loader-34" daemon [_thread_blocked, id=8380, stack(0x00000000260d0000,0x00000000261d0000)]
  0x0000000020b4d000 JavaThread "URL-Loader-33" daemon [_thread_blocked, id=5688, stack(0x0000000036340000,0x0000000036440000)]
  0x0000000020b4f000 JavaThread "URL-Loader-32" daemon [_thread_blocked, id=13244, stack(0x00000000345b0000,0x00000000346b0000)]
  0x0000000023f02800 JavaThread "URL-Loader-31" daemon [_thread_blocked, id=2660, stack(0x00000000344b0000,0x00000000345b0000)]
  0x0000000023eff800 JavaThread "URL-Loader-30" daemon [_thread_blocked, id=13240, stack(0x00000000343b0000,0x00000000344b0000)]
  0x0000000023efa000 JavaThread "URL-Loader-29" daemon [_thread_blocked, id=5280, stack(0x00000000342b0000,0x00000000343b0000)]
  0x0000000023f01800 JavaThread "URL-Loader-28" daemon [_thread_blocked, id=5188, stack(0x0000000033b10000,0x0000000033c10000)]
  0x0000000023efe800 JavaThread "URL-Loader-27" daemon [_thread_blocked, id=11436, stack(0x0000000033a10000,0x0000000033b10000)]
  0x0000000023ef5000 JavaThread "URL-Loader-26" daemon [_thread_blocked, id=11804, stack(0x0000000033910000,0x0000000033a10000)]
  0x0000000023efe000 JavaThread "URL-Loader-25" daemon [_thread_blocked, id=4392, stack(0x0000000032b90000,0x0000000032c90000)]
  0x0000000023efc800 JavaThread "URL-Loader-24" daemon [_thread_blocked, id=5296, stack(0x000000002ddd0000,0x000000002ded0000)]
  0x0000000023ef9800 JavaThread "URL-Loader-23" daemon [_thread_blocked, id=8276, stack(0x0000000027760000,0x0000000027860000)]
  0x0000000023efd000 JavaThread "URL-Loader-22" daemon [_thread_blocked, id=11372, stack(0x00000000264d0000,0x00000000265d0000)]
  0x0000000023f01000 JavaThread "URL-Loader-21" daemon [_thread_blocked, id=2588, stack(0x0000000024c90000,0x0000000024d90000)]
  0x0000000023ef5800 JavaThread "mysql-cj-abandoned-connection-cleanup" daemon [_thread_blocked, id=13068, stack(0x000000002dad0000,0x000000002dbd0000)]
  0x0000000023efb800 JavaThread "Thread-5" daemon [_thread_in_native, id=7532, stack(0x000000002a990000,0x000000002aa90000)]
  0x0000000023ef8800 JavaThread "URL-Loader-17" daemon [_thread_blocked, id=9772, stack(0x0000000027660000,0x0000000027760000)]
  0x0000000023ef6800 JavaThread "Watchdog-Timer-1" daemon [_thread_blocked, id=6412, stack(0x00000000273c0000,0x00000000274c0000)]
  0x0000000023ef3800 JavaThread "URL-Loader-14" daemon [_thread_blocked, id=2468, stack(0x0000000027020000,0x0000000027120000)]
  0x0000000023ef8000 JavaThread "URL-Loader-12" daemon [_thread_blocked, id=3788, stack(0x0000000026bd0000,0x0000000026cd0000)]
  0x0000000020b50800 JavaThread "URL-Loader-11" daemon [_thread_blocked, id=7136, stack(0x00000000265d0000,0x00000000266d0000)]
  0x0000000020b50000 JavaThread "URL-Loader-9" daemon [_thread_blocked, id=8672, stack(0x00000000263d0000,0x00000000264d0000)]
  0x0000000020b4e800 JavaThread "URL-Loader-8" daemon [_thread_blocked, id=4108, stack(0x00000000262d0000,0x00000000263d0000)]
  0x0000000020b53000 JavaThread "Keep-Alive-Timer" daemon [_thread_blocked, id=1016, stack(0x0000000024890000,0x0000000024990000)]
  0x00000000209d9000 JavaThread "Prism Font Disposer" daemon [_thread_blocked, id=6420, stack(0x00000000232e0000,0x00000000233e0000)]
  0x0000000020846000 JavaThread "Disposer" daemon [_thread_blocked, id=9120, stack(0x0000000021b40000,0x0000000021c40000)]
  0x00000000192be800 JavaThread "JavaFX-Launcher" [_thread_blocked, id=372, stack(0x0000000020e00000,0x0000000020f00000)]
  0x0000000020580800 JavaThread "Thread-2" daemon [_thread_in_native, id=1260, stack(0x0000000020d00000,0x0000000020e00000)]
=>0x000000001923b000 JavaThread "JavaFX Application Thread" [_thread_in_native, id=13456, stack(0x0000000019930000,0x0000000019a30000)]
  0x0000000019234800 JavaThread "Thread-1" daemon [_thread_blocked, id=10108, stack(0x0000000019830000,0x0000000019930000)]
  0x000000001920f800 JavaThread "QuantumRenderer-0" daemon [_thread_blocked, id=1972, stack(0x0000000019630000,0x0000000019730000)]
  0x000000001757d800 JavaThread "Service Thread" daemon [_thread_blocked, id=7932, stack(0x00000000192c0000,0x00000000193c0000)]
  0x0000000017565800 JavaThread "C1 CompilerThread2" daemon [_thread_blocked, id=11620, stack(0x0000000018dc0000,0x0000000018ec0000)]
  0x0000000017526000 JavaThread "C2 CompilerThread1" daemon [_thread_blocked, id=6548, stack(0x0000000018cc0000,0x0000000018dc0000)]
  0x0000000017520000 JavaThread "C2 CompilerThread0" daemon [_thread_blocked, id=3352, stack(0x0000000018bc0000,0x0000000018cc0000)]
  0x000000001751c800 JavaThread "Attach Listener" daemon [_thread_blocked, id=11584, stack(0x0000000018ac0000,0x0000000018bc0000)]
  0x000000001751b000 JavaThread "Signal Dispatcher" daemon [_thread_blocked, id=3308, stack(0x00000000189c0000,0x0000000018ac0000)]
  0x0000000002acb000 JavaThread "Finalizer" daemon [_thread_blocked, id=12588, stack(0x00000000187a0000,0x00000000188a0000)]
  0x0000000002ac0000 JavaThread "Reference Handler" daemon [_thread_blocked, id=11220, stack(0x00000000186a0000,0x00000000187a0000)]
  0x00000000029ce000 JavaThread "main" [_thread_blocked, id=5080, stack(0x0000000002860000,0x0000000002960000)]

Other Threads:
  0x00000000174e6800 VMThread [stack: 0x00000000185a0000,0x00000000186a0000] [id=3256]
  0x0000000018eec000 WatcherThread [stack: 0x0000000019530000,0x0000000019630000] [id=13708]

VM state:not at safepoint (normal execution)

VM Mutex/Monitor currently owned by a thread: None

Heap:
 PSYoungGen      total 265216K, used 178901K [0x00000000d6600000, 0x00000000e9980000, 0x0000000100000000)
  eden space 251904K, 71% used [0x00000000d6600000,0x00000000e14b5770,0x00000000e5c00000)
  from space 13312K, 0% used [0x00000000e5c00000,0x00000000e5c00000,0x00000000e6900000)
  to   space 14336K, 0% used [0x00000000e8b80000,0x00000000e8b80000,0x00000000e9980000)
 ParOldGen       total 88576K, used 23006K [0x0000000083200000, 0x0000000088880000, 0x00000000d6600000)
  object space 88576K, 25% used [0x0000000083200000,0x0000000084877b20,0x0000000088880000)
 Metaspace       used 51310K, capacity 53288K, committed 53504K, reserved 1095680K
  class space    used 7196K, capacity 7568K, committed 7680K, reserved 1048576K

Card table byte_map: [0x0000000011e90000,0x0000000012280000] byte_map_base: 0x0000000011a77000

Marking Bits: (ParMarkBitMap*) 0x0000000059d0a6c0
 Begin Bits: [0x0000000012920000, 0x0000000014858000)
 End Bits:   [0x0000000014858000, 0x0000000016790000)

Polling page: 0x0000000000b40000

CodeCache: size=245760Kb used=17758Kb max_used=17766Kb free=228002Kb
 bounds [0x0000000002ad0000, 0x0000000003c50000, 0x0000000011ad0000]
 total_blobs=6701 nmethods=5747 adapters=864
 compilation: enabled

Compilation events (10 events):
Event: 25.666 Thread 0x0000000017565800 nmethod 6607 0x0000000003c3c510 code [0x0000000003c3c6c0, 0x0000000003c3cd48]
Event: 25.686 Thread 0x0000000017565800 6609       3       java.util.concurrent.atomic.AtomicInteger::getAndIncrement (12 bytes)
Event: 25.686 Thread 0x0000000017565800 nmethod 6609 0x0000000003c3d110 code [0x0000000003c3d260, 0x0000000003c3d3b0]
Event: 25.687 Thread 0x0000000017565800 6610       1       java.net.InetSocketAddress$InetSocketAddressHolder::getAddress (5 bytes)
Event: 25.687 Thread 0x0000000017565800 nmethod 6610 0x0000000003c3d410 code [0x0000000003c3d560, 0x0000000003c3d670]
Event: 25.695 Thread 0x0000000017520000 6611       4       java.lang.AbstractStringBuilder::append (62 bytes)
Event: 25.704 Thread 0x0000000017565800 6612       3       java.util.Date::getTime (5 bytes)
Event: 25.704 Thread 0x0000000017565800 nmethod 6612 0x0000000003c3d6d0 code [0x0000000003c3d860, 0x0000000003c3db98]
Event: 25.704 Thread 0x0000000017565800 6613       3       java.util.Date::getTimeImpl (27 bytes)
Event: 25.705 Thread 0x0000000017565800 nmethod 6613 0x0000000003c3dcd0 code [0x0000000003c3de40, 0x0000000003c3e118]

GC Heap History (10 events):
Event: 4.186 GC heap before
{Heap before GC invocations=7 (full 0):
 PSYoungGen      total 139264K, used 108037K [0x00000000d6600000, 0x00000000df600000, 0x0000000100000000)
  eden space 131072K, 78% used [0x00000000d6600000,0x00000000dca15648,0x00000000de600000)
  from space 8192K, 67% used [0x00000000dee00000,0x00000000df36be68,0x00000000df600000)
  to   space 8192K, 0% used [0x00000000de600000,0x00000000de600000,0x00000000dee00000)
 ParOldGen       total 86016K, used 2494K [0x0000000083200000, 0x0000000088600000, 0x00000000d6600000)
  object space 86016K, 2% used [0x0000000083200000,0x000000008346f878,0x0000000088600000)
 Metaspace       used 20407K, capacity 21240K, committed 21296K, reserved 1067008K
  class space    used 2948K, capacity 3174K, committed 3200K, reserved 1048576K
Event: 4.203 GC heap after
Heap after GC invocations=7 (full 0):
 PSYoungGen      total 139264K, used 3486K [0x00000000d6600000, 0x00000000e7600000, 0x0000000100000000)
  eden space 131072K, 0% used [0x00000000d6600000,0x00000000d6600000,0x00000000de600000)
  from space 8192K, 42% used [0x00000000de600000,0x00000000de967b38,0x00000000dee00000)
  to   space 8192K, 0% used [0x00000000e6e00000,0x00000000e6e00000,0x00000000e7600000)
 ParOldGen       total 86016K, used 5876K [0x0000000083200000, 0x0000000088600000, 0x00000000d6600000)
  object space 86016K, 6% used [0x0000000083200000,0x00000000837bd128,0x0000000088600000)
 Metaspace       used 20407K, capacity 21240K, committed 21296K, reserved 1067008K
  class space    used 2948K, capacity 3174K, committed 3200K, reserved 1048576K
}
Event: 4.203 GC heap before
{Heap before GC invocations=8 (full 1):
 PSYoungGen      total 139264K, used 3486K [0x00000000d6600000, 0x00000000e7600000, 0x0000000100000000)
  eden space 131072K, 0% used [0x00000000d6600000,0x00000000d6600000,0x00000000de600000)
  from space 8192K, 42% used [0x00000000de600000,0x00000000de967b38,0x00000000dee00000)
  to   space 8192K, 0% used [0x00000000e6e00000,0x00000000e6e00000,0x00000000e7600000)
 ParOldGen       total 86016K, used 5876K [0x0000000083200000, 0x0000000088600000, 0x00000000d6600000)
  object space 86016K, 6% used [0x0000000083200000,0x00000000837bd128,0x0000000088600000)
 Metaspace       used 20407K, capacity 21240K, committed 21296K, reserved 1067008K
  class space    used 2948K, capacity 3174K, committed 3200K, reserved 1048576K
Event: 4.319 GC heap after
Heap after GC invocations=8 (full 1):
 PSYoungGen      total 139264K, used 0K [0x00000000d6600000, 0x00000000e7600000, 0x0000000100000000)
  eden space 131072K, 0% used [0x00000000d6600000,0x00000000d6600000,0x00000000de600000)
  from space 8192K, 0% used [0x00000000de600000,0x00000000de600000,0x00000000dee00000)
  to   space 8192K, 0% used [0x00000000e6e00000,0x00000000e6e00000,0x00000000e7600000)
 ParOldGen       total 55296K, used 8989K [0x0000000083200000, 0x0000000086800000, 0x00000000d6600000)
  object space 55296K, 16% used [0x0000000083200000,0x0000000083ac76e0,0x0000000086800000)
 Metaspace       used 20407K, capacity 21240K, committed 21296K, reserved 1067008K
  class space    used 2948K, capacity 3174K, committed 3200K, reserved 1048576K
}
Event: 8.750 GC heap before
{Heap before GC invocations=9 (full 1):
 PSYoungGen      total 139264K, used 131072K [0x00000000d6600000, 0x00000000e7600000, 0x0000000100000000)
  eden space 131072K, 100% used [0x00000000d6600000,0x00000000de600000,0x00000000de600000)
  from space 8192K, 0% used [0x00000000de600000,0x00000000de600000,0x00000000dee00000)
  to   space 8192K, 0% used [0x00000000e6e00000,0x00000000e6e00000,0x00000000e7600000)
 ParOldGen       total 55296K, used 8989K [0x0000000083200000, 0x0000000086800000, 0x00000000d6600000)
  object space 55296K, 16% used [0x0000000083200000,0x0000000083ac76e0,0x0000000086800000)
 Metaspace       used 31254K, capacity 32314K, committed 32640K, reserved 1077248K
  class space    used 4434K, capacity 4687K, committed 4736K, reserved 1048576K
Event: 8.769 GC heap after
Heap after GC invocations=9 (full 1):
 PSYoungGen      total 220160K, used 8188K [0x00000000d6600000, 0x00000000e7600000, 0x0000000100000000)
  eden space 211968K, 0% used [0x00000000d6600000,0x00000000d6600000,0x00000000e3500000)
  from space 8192K, 99% used [0x00000000e6e00000,0x00000000e75ff2e0,0x00000000e7600000)
  to   space 13312K, 0% used [0x00000000e5c00000,0x00000000e5c00000,0x00000000e6900000)
 ParOldGen       total 55296K, used 18249K [0x0000000083200000, 0x0000000086800000, 0x00000000d6600000)
  object space 55296K, 33% used [0x0000000083200000,0x00000000843d2520,0x0000000086800000)
 Metaspace       used 31254K, capacity 32314K, committed 32640K, reserved 1077248K
  class space    used 4434K, capacity 4687K, committed 4736K, reserved 1048576K
}
Event: 9.335 GC heap before
{Heap before GC invocations=10 (full 1):
 PSYoungGen      total 220160K, used 23481K [0x00000000d6600000, 0x00000000e7600000, 0x0000000100000000)
  eden space 211968K, 7% used [0x00000000d6600000,0x00000000d74ef150,0x00000000e3500000)
  from space 8192K, 99% used [0x00000000e6e00000,0x00000000e75ff2e0,0x00000000e7600000)
  to   space 13312K, 0% used [0x00000000e5c00000,0x00000000e5c00000,0x00000000e6900000)
 ParOldGen       total 55296K, used 18249K [0x0000000083200000, 0x0000000086800000, 0x00000000d6600000)
  object space 55296K, 33% used [0x0000000083200000,0x00000000843d2520,0x0000000086800000)
 Metaspace       used 34147K, capacity 35258K, committed 35456K, reserved 1079296K
  class space    used 4905K, capacity 5171K, committed 5248K, reserved 1048576K
Event: 9.348 GC heap after
Heap after GC invocations=10 (full 1):
 PSYoungGen      total 265216K, used 10523K [0x00000000d6600000, 0x00000000e9980000, 0x0000000100000000)
  eden space 251904K, 0% used [0x00000000d6600000,0x00000000d6600000,0x00000000e5c00000)
  from space 13312K, 79% used [0x00000000e5c00000,0x00000000e6646d10,0x00000000e6900000)
  to   space 14336K, 0% used [0x00000000e8b80000,0x00000000e8b80000,0x00000000e9980000)
 ParOldGen       total 55296K, used 18257K [0x0000000083200000, 0x0000000086800000, 0x00000000d6600000)
  object space 55296K, 33% used [0x0000000083200000,0x00000000843d4520,0x0000000086800000)
 Metaspace       used 34147K, capacity 35258K, committed 35456K, reserved 1079296K
  class space    used 4905K, capacity 5171K, committed 5248K, reserved 1048576K
}
Event: 9.348 GC heap before
{Heap before GC invocations=11 (full 2):
 PSYoungGen      total 265216K, used 10523K [0x00000000d6600000, 0x00000000e9980000, 0x0000000100000000)
  eden space 251904K, 0% used [0x00000000d6600000,0x00000000d6600000,0x00000000e5c00000)
  from space 13312K, 79% used [0x00000000e5c00000,0x00000000e6646d10,0x00000000e6900000)
  to   space 14336K, 0% used [0x00000000e8b80000,0x00000000e8b80000,0x00000000e9980000)
 ParOldGen       total 55296K, used 18257K [0x0000000083200000, 0x0000000086800000, 0x00000000d6600000)
  object space 55296K, 33% used [0x0000000083200000,0x00000000843d4520,0x0000000086800000)
 Metaspace       used 34147K, capacity 35258K, committed 35456K, reserved 1079296K
  class space    used 4905K, capacity 5171K, committed 5248K, reserved 1048576K
Event: 9.423 GC heap after
Heap after GC invocations=11 (full 2):
 PSYoungGen      total 265216K, used 0K [0x00000000d6600000, 0x00000000e9980000, 0x0000000100000000)
  eden space 251904K, 0% used [0x00000000d6600000,0x00000000d6600000,0x00000000e5c00000)
  from space 13312K, 0% used [0x00000000e5c00000,0x00000000e5c00000,0x00000000e6900000)
  to   space 14336K, 0% used [0x00000000e8b80000,0x00000000e8b80000,0x00000000e9980000)
 ParOldGen       total 88576K, used 23006K [0x0000000083200000, 0x0000000088880000, 0x00000000d6600000)
  object space 88576K, 25% used [0x0000000083200000,0x0000000084877b20,0x0000000088880000)
 Metaspace       used 34147K, capacity 35258K, committed 35456K, reserved 1079296K
  class space    used 4905K, capacity 5171K, committed 5248K, reserved 1048576K
}

Deoptimization events (10 events):
Event: 15.819 Thread 0x000000001923b000 Uncommon trap: reason=unstable_if action=reinterpret pc=0x00000000031e85e4 method=jdk.internal.org.objectweb.asm.Item.isEqualTo(Ljdk/internal/org/objectweb/asm/Item;)Z @ 331
Event: 17.135 Thread 0x000000001923b000 Uncommon trap: reason=unstable_if action=reinterpret pc=0x0000000002be38d4 method=com.sun.javafx.font.LogicalFont.getLinkedFonts()V @ 4
Event: 17.410 Thread 0x000000001923b000 Uncommon trap: reason=array_check action=maybe_recompile pc=0x0000000003b8e338 method=com.sun.javafx.css.SimpleSelector.applies(Ljavafx/css/Styleable;[Ljava/util/Set;I)Z @ 37
Event: 17.410 Thread 0x000000001923b000 Uncommon trap: reason=array_check action=maybe_recompile pc=0x0000000002e1624c method=com.sun.javafx.css.SimpleSelector.applies(Ljavafx/css/Styleable;[Ljava/util/Set;I)Z @ 37
Event: 17.410 Thread 0x000000001923b000 Uncommon trap: reason=array_check action=maybe_recompile pc=0x0000000003b8e338 method=com.sun.javafx.css.SimpleSelector.applies(Ljavafx/css/Styleable;[Ljava/util/Set;I)Z @ 37
Event: 17.410 Thread 0x000000001923b000 Uncommon trap: reason=array_check action=maybe_recompile pc=0x0000000003b8e338 method=com.sun.javafx.css.SimpleSelector.applies(Ljavafx/css/Styleable;[Ljava/util/Set;I)Z @ 37
Event: 17.410 Thread 0x000000001923b000 Uncommon trap: reason=array_check action=maybe_recompile pc=0x0000000002e1624c method=com.sun.javafx.css.SimpleSelector.applies(Ljavafx/css/Styleable;[Ljava/util/Set;I)Z @ 37
Event: 17.442 Thread 0x000000001923b000 Uncommon trap: reason=unstable_if action=reinterpret pc=0x0000000002ef4ca8 method=javafx.scene.CssStyleHelper.resolveRef(Ljavafx/css/Styleable;Ljava/lang/String;Lcom/sun/javafx/css/StyleMap;Ljava/util/Set;)Lcom/sun/javafx/css/CascadingStyle; @ 66
Event: 18.096 Thread 0x000000001923b000 Uncommon trap: reason=unstable_if action=reinterpret pc=0x0000000003781cb4 method=java.util.WeakHashMap.remove(Ljava/lang/Object;)Ljava/lang/Object; @ 94
Event: 18.215 Thread 0x000000001923b000 Uncommon trap: reason=unstable_if action=reinterpret pc=0x00000000030ae688 method=com.sun.javafx.iio.png.PNGImageLoader2.decodePalette([BLcom/sun/javafx/iio/ImageMetadata;)Lcom/sun/javafx/iio/ImageFrame; @ 56

Internal exceptions (10 events):
Event: 8.192 Thread 0x000000001923b000 Exception <a 'java/lang/ClassNotFoundException': com/sun/org/glassfish/hk2/osgiresourcelocator/ServiceLoader> (0x00000000dd779f40) thrown at [C:\re\workspace\8-2-build-windows-amd64-cygwin\jdk8u111\7883\hotspot\src\share\vm\classfile\systemDictionary.cpp,
Event: 8.278 Thread 0x000000001923b000 Exception <a 'java/lang/NullPointerException'> (0x00000000dda516a8) thrown at [C:\re\workspace\8-2-build-windows-amd64-cygwin\jdk8u111\7883\hotspot\src\share\vm\interpreter\linkResolver.cpp, line 1280]
Event: 13.457 Thread 0x000000001923b000 Exception <a 'java/lang/ClassNotFoundException': com/sun/org/glassfish/hk2/osgiresourcelocator/ServiceLoader> (0x00000000dbddee38) thrown at [C:\re\workspace\8-2-build-windows-amd64-cygwin\jdk8u111\7883\hotspot\src\share\vm\classfile\systemDictionary.cpp,
Event: 14.452 Thread 0x000000001923b000 Exception <a 'java/lang/ClassNotFoundException': com/sun/org/glassfish/hk2/osgiresourcelocator/ServiceLoader> (0x00000000dcfb6df0) thrown at [C:\re\workspace\8-2-build-windows-amd64-cygwin\jdk8u111\7883\hotspot\src\share\vm\classfile\systemDictionary.cpp,
Event: 15.323 Thread 0x000000001923b000 Exception <a 'java/io/FileNotFoundException'> (0x00000000ddfe6198) thrown at [C:\re\workspace\8-2-build-windows-amd64-cygwin\jdk8u111\7883\hotspot\src\share\vm\prims\jni.cpp, line 709]
Event: 15.342 Thread 0x000000001923b000 Exception <a 'java/io/FileNotFoundException'> (0x00000000de03c8c8) thrown at [C:\re\workspace\8-2-build-windows-amd64-cygwin\jdk8u111\7883\hotspot\src\share\vm\prims\jni.cpp, line 709]
Event: 15.505 Thread 0x000000001923b000 Implicit null exception at 0x00000000033c5d16 to 0x00000000033c5f01
Event: 15.783 Thread 0x0000000023efb800 Exception <a 'sun/nio/fs/WindowsException'> (0x00000000de6fbbf8) thrown at [C:\re\workspace\8-2-build-windows-amd64-cygwin\jdk8u111\7883\hotspot\src\share\vm\prims\jni.cpp, line 709]
Event: 18.518 Thread 0x0000000020b51800 Implicit null exception at 0x000000000305d9d6 to 0x000000000305dac6
Event: 18.518 Thread 0x0000000020b51800 Exception <a 'java/lang/NullPointerException'> (0x00000000e0a20ee0) thrown at [C:\re\workspace\8-2-build-windows-amd64-cygwin\jdk8u111\7883\hotspot\src\share\vm\runtime\sharedRuntime.cpp, line 605]

Events (10 events):
Event: 25.573 Thread 0x0000000020b51800 Thread added: 0x0000000020b51800
Event: 25.573 Executing VM operation: RevokeBias
Event: 25.574 Executing VM operation: RevokeBias done
Event: 25.574 Thread 0x0000000020b51800 Thread exited: 0x0000000020b51800
Event: 25.693 loading class javafx/scene/web/WebEngine
Event: 25.693 loading class javafx/scene/web/WebEngine done
Event: 25.693 loading class javafx/scene/web/WebEngine
Event: 25.693 loading class javafx/scene/web/WebEngine done
Event: 25.693 loading class javafx/scene/web/WebEngine
Event: 25.693 loading class javafx/scene/web/WebEngine done


Dynamic libraries:
0x00007ff79ef40000 - 0x00007ff79ef77000 	C:\Program Files\Java\jdk1.8.0_111\bin\javaw.exe
0x00007ffe41580000 - 0x00007ffe41770000 	C:\Windows\SYSTEM32\ntdll.dll
0x00007ffe412c0000 - 0x00007ffe41372000 	C:\Windows\System32\KERNEL32.DLL
0x00007ffe3e620000 - 0x00007ffe3e8c3000 	C:\Windows\System32\KERNELBASE.dll
0x00007ffe40b10000 - 0x00007ffe40bb3000 	C:\Windows\System32\ADVAPI32.dll
0x00007ffe405a0000 - 0x00007ffe4063e000 	C:\Windows\System32\msvcrt.dll
0x00007ffe3f7d0000 - 0x00007ffe3f867000 	C:\Windows\System32\sechost.dll
0x00007ffe3f870000 - 0x00007ffe3f990000 	C:\Windows\System32\RPCRT4.dll
0x00007ffe3f630000 - 0x00007ffe3f7c4000 	C:\Windows\System32\USER32.dll
0x00007ffe3f590000 - 0x00007ffe3f5b1000 	C:\Windows\System32\win32u.dll
0x00007ffe41290000 - 0x00007ffe412b6000 	C:\Windows\System32\GDI32.dll
0x00007ffe3eb50000 - 0x00007ffe3ece4000 	C:\Windows\System32\gdi32full.dll
0x00007ffe3ecf0000 - 0x00007ffe3ed8e000 	C:\Windows\System32\msvcp_win.dll
0x00007ffe3e900000 - 0x00007ffe3e9fa000 	C:\Windows\System32\ucrtbase.dll
0x00007ffe29840000 - 0x00007ffe29ac5000 	C:\Windows\WinSxS\amd64_microsoft.windows.common-controls_6595b64144ccf1df_6.0.18362.778_none_e6c6b761130d4fb8\COMCTL32.dll
0x00007ffe40f40000 - 0x00007ffe41276000 	C:\Windows\System32\combase.dll
0x00007ffe3f510000 - 0x00007ffe3f590000 	C:\Windows\System32\bcryptPrimitives.dll
0x00007ffe40ae0000 - 0x00007ffe40b0e000 	C:\Windows\System32\IMM32.DLL
0x000000005b0b0000 - 0x000000005b182000 	C:\Program Files\Java\jdk1.8.0_111\jre\bin\msvcr100.dll
0x00000000594f0000 - 0x0000000059d8a000 	C:\Program Files\Java\jdk1.8.0_111\jre\bin\server\jvm.dll
0x00007ffe41280000 - 0x00007ffe41288000 	C:\Windows\System32\PSAPI.DLL
0x00007ffe2e670000 - 0x00007ffe2e679000 	C:\Windows\SYSTEM32\WSOCK32.dll
0x00007ffe3f990000 - 0x00007ffe3f9ff000 	C:\Windows\System32\WS2_32.dll
0x00007ffe3c4c0000 - 0x00007ffe3c4e4000 	C:\Windows\SYSTEM32\WINMM.dll
0x00007ffe37180000 - 0x00007ffe3718a000 	C:\Windows\SYSTEM32\VERSION.dll
0x00007ffe3c380000 - 0x00007ffe3c3ad000 	C:\Windows\SYSTEM32\WINMMBASE.dll
0x00007ffe3f5c0000 - 0x00007ffe3f60a000 	C:\Windows\System32\cfgmgr32.dll
0x000000005b0a0000 - 0x000000005b0af000 	C:\Program Files\Java\jdk1.8.0_111\jre\bin\verify.dll
0x000000005b070000 - 0x000000005b099000 	C:\Program Files\Java\jdk1.8.0_111\jre\bin\java.dll
0x000000005b050000 - 0x000000005b066000 	C:\Program Files\Java\jdk1.8.0_111\jre\bin\zip.dll
0x00007ffe3fa60000 - 0x00007ffe40145000 	C:\Windows\System32\SHELL32.dll
0x00007ffe40d60000 - 0x00007ffe40e09000 	C:\Windows\System32\shcore.dll
0x00007ffe3ed90000 - 0x00007ffe3f510000 	C:\Windows\System32\windows.storage.dll
0x00007ffe3e470000 - 0x00007ffe3e493000 	C:\Windows\System32\profapi.dll
0x00007ffe3e4a0000 - 0x00007ffe3e4ea000 	C:\Windows\System32\powrprof.dll
0x00007ffe3e440000 - 0x00007ffe3e450000 	C:\Windows\System32\UMPDC.dll
0x00007ffe3fa00000 - 0x00007ffe3fa52000 	C:\Windows\System32\shlwapi.dll
0x00007ffe3e4f0000 - 0x00007ffe3e501000 	C:\Windows\System32\kernel.appcore.dll
0x00007ffe3f610000 - 0x00007ffe3f627000 	C:\Windows\System32\cryptsp.dll
0x00007ffe10510000 - 0x00007ffe105ff000 	C:\Program Files\Java\jdk1.8.0_111\jre\bin\msvcr120.dll
0x00007ffe22590000 - 0x00007ffe22636000 	C:\Program Files\Java\jdk1.8.0_111\jre\bin\msvcp120.dll
0x000000005b020000 - 0x000000005b042000 	C:\Program Files\Java\jdk1.8.0_111\jre\bin\prism_d3d.dll
0x00007ffe05440000 - 0x00007ffe05607000 	C:\Windows\system32\d3d9.dll
0x00007ffe3cbe0000 - 0x00007ffe3cc0d000 	C:\Windows\SYSTEM32\dwmapi.dll
0x00007ffe3d0b0000 - 0x00007ffe3d0d0000 	C:\Windows\SYSTEM32\dxcore.dll
0x00007ffe3c7c0000 - 0x00007ffe3c859000 	C:\Windows\system32\uxtheme.dll
0x00007ffe05280000 - 0x00007ffe05440000 	C:\Windows\System32\DriverStore\FileRepository\iigd_dch.inf_amd64_38bfcb542ef4272e\igdumdim64.dll
0x00007ffe36c50000 - 0x00007ffe36da2000 	C:\Windows\System32\DriverStore\FileRepository\iigd_dch.inf_amd64_38bfcb542ef4272e\igdgmm64.dll
0x000000005afd0000 - 0x000000005b013000 	C:\Program Files\Java\jdk1.8.0_111\jre\bin\glass.dll
0x00007ffe403f0000 - 0x00007ffe404c0000 	C:\Windows\System32\COMDLG32.dll
0x00007ffe413e0000 - 0x00007ffe41537000 	C:\Windows\System32\ole32.dll
0x00007ffe404d0000 - 0x00007ffe40594000 	C:\Windows\System32\OLEAUT32.dll
0x00007ffe40bc0000 - 0x00007ffe40cf6000 	C:\Windows\System32\MSCTF.dll
0x00007ffde66d0000 - 0x00007ffdea2ab000 	C:\Windows\System32\DriverStore\FileRepository\iigd_dch.inf_amd64_38bfcb542ef4272e\igd9dxva64.dll
0x00007ffe28b10000 - 0x00007ffe28b32000 	C:\Windows\System32\DriverStore\FileRepository\iigd_dch.inf_amd64_38bfcb542ef4272e\igdinfo64.dll
0x00007ffe325a0000 - 0x00007ffe348f6000 	C:\Windows\System32\DriverStore\FileRepository\iigd_dch.inf_amd64_38bfcb542ef4272e\igc64.dll
0x000000005afb0000 - 0x000000005afc4000 	C:\Program Files\Java\jdk1.8.0_111\jre\bin\javafx_font.dll
0x00007ffe274e0000 - 0x00007ffe277de000 	C:\Windows\SYSTEM32\dwrite.dll
0x0000000056f50000 - 0x00000000594e1000 	C:\Program Files\Java\jdk1.8.0_111\jre\bin\jfxwebkit.dll
0x00007ffe3d7c0000 - 0x00007ffe3d7f3000 	C:\Windows\system32\rsaenh.dll
0x00007ffe3e8d0000 - 0x00007ffe3e8f6000 	C:\Windows\System32\bcrypt.dll
0x00007ffe3de20000 - 0x00007ffe3de2c000 	C:\Windows\SYSTEM32\CRYPTBASE.dll
0x000000005af90000 - 0x000000005afaa000 	C:\Program Files\Java\jdk1.8.0_111\jre\bin\net.dll
0x00007ffe3dc50000 - 0x00007ffe3dcb7000 	C:\Windows\system32\mswsock.dll
0x000000005af70000 - 0x000000005af81000 	C:\Program Files\Java\jdk1.8.0_111\jre\bin\nio.dll
0x00007ffe3d9a0000 - 0x00007ffe3da6a000 	C:\Windows\SYSTEM32\DNSAPI.dll
0x00007ffe404c0000 - 0x00007ffe404c8000 	C:\Windows\System32\NSI.dll
0x00007ffe3d960000 - 0x00007ffe3d99a000 	C:\Windows\SYSTEM32\IPHLPAPI.DLL
0x00007ffe30e20000 - 0x00007ffe30e2a000 	C:\Windows\System32\rasadhlp.dll
0x00007ffe31ef0000 - 0x00007ffe31f67000 	C:\Windows\System32\fwpuclnt.dll
0x000000005af40000 - 0x000000005af64000 	C:\Program Files\Java\jdk1.8.0_111\jre\bin\sunec.dll
0x00007ffe3e360000 - 0x00007ffe3e385000 	C:\Windows\SYSTEM32\USERENV.dll
0x00007ffe32080000 - 0x00007ffe32096000 	C:\Windows\SYSTEM32\dhcpcsvc6.DLL
0x00007ffe36b60000 - 0x00007ffe36b7c000 	C:\Windows\SYSTEM32\dhcpcsvc.DLL
0x00007ffe40e10000 - 0x00007ffe40eb2000 	C:\Windows\System32\clbcatq.dll
0x00007ffe39930000 - 0x00007ffe39adf000 	C:\Windows\SYSTEM32\WindowsCodecs.dll
0x00007ffe27ab0000 - 0x00007ffe27aea000 	C:\Windows\system32\dataexchange.dll
0x00007ffe3b690000 - 0x00007ffe3b8eb000 	C:\Windows\system32\d3d11.dll
0x00007ffe3bd50000 - 0x00007ffe3bf2c000 	C:\Windows\system32\dcomp.dll
0x00007ffe3d140000 - 0x00007ffe3d22b000 	C:\Windows\system32\dxgi.dll
0x00007ffe3c890000 - 0x00007ffe3caea000 	C:\Windows\system32\twinapi.appcore.dll
0x00007ffe3ccc0000 - 0x00007ffe3cce9000 	C:\Windows\system32\RMCLIENT.dll
0x00007ffe219e0000 - 0x00007ffe21a13000 	C:\Program Files\Common Files\Microsoft Shared\Ink\rtscom.dll
0x00007ffe2d270000 - 0x00007ffe2d30e000 	C:\Windows\System32\TextInputFramework.dll
0x00007ffe3a080000 - 0x00007ffe3a3aa000 	C:\Windows\System32\CoreUIComponents.dll
0x00007ffe3d4a0000 - 0x00007ffe3d4d1000 	C:\Windows\SYSTEM32\ntmarta.dll
0x00007ffe3c2a0000 - 0x00007ffe3c374000 	C:\Windows\System32\CoreMessaging.dll
0x00007ffe39b00000 - 0x00007ffe39c53000 	C:\Windows\SYSTEM32\wintypes.dll
0x00007ffe2d610000 - 0x00007ffe2d8b6000 	C:\Windows\System32\iertutil.dll
0x00007ffe3b0d0000 - 0x00007ffe3b690000 	C:\Windows\SYSTEM32\d2d1.dll
0x00007ffe36310000 - 0x00007ffe36a51000 	C:\Windows\SYSTEM32\D3D10Warp.dll
0x000000005af20000 - 0x000000005af31000 	C:\Program Files\Java\jdk1.8.0_111\jre\bin\prism_common.dll
0x0000000056f20000 - 0x0000000056f43000 	C:\Program Files\Java\jdk1.8.0_111\jre\bin\javafx_iio.dll
0x000000005af10000 - 0x000000005af1b000 	C:\Program Files\Java\jdk1.8.0_111\jre\bin\sunmscapi.dll
0x00007ffe3ea00000 - 0x00007ffe3eb49000 	C:\Windows\System32\CRYPT32.dll
0x00007ffe3e450000 - 0x00007ffe3e462000 	C:\Windows\System32\MSASN1.dll
0x0000000056ea0000 - 0x0000000056f13000 	C:\Program Files\Java\jdk1.8.0_111\jre\bin\glib-lite.dll
0x0000000056e00000 - 0x0000000056e9c000 	C:\Program Files\Java\jdk1.8.0_111\jre\bin\gstreamer-lite.dll
0x00007ffe15220000 - 0x00007ffe152b9000 	C:\Windows\SYSTEM32\DSOUND.dll
0x0000000056dd0000 - 0x0000000056df5000 	C:\Program Files\Java\jdk1.8.0_111\jre\bin\jfxmedia.dll
0x00007ffe31790000 - 0x00007ffe31984000 	C:\Windows\SYSTEM32\dbghelp.dll

VM Arguments:
jvm_args: -Dfile.encoding=Cp1252 
java_command: guve.proyectoPadelUpDida.AplicacionPadelUp
java_class_path (initial): C:\Users\juanc\eclipse-workspaces\workSpace-Dida\ProyectoFinalCiclo\target\classes;C:\Program Files\Java\mysql-connector-java-8.0.15\mysql-connector-java-8.0.15;C:\Users\juanc\.m2\repository\mysql\mysql-connector-java\8.0.17\mysql-connector-java-8.0.17.jar;C:\Users\juanc\.m2\repository\com\google\protobuf\protobuf-java\3.6.1\protobuf-java-3.6.1.jar;C:\Users\juanc\.m2\repository\org\hibernate\hibernate-core\5.4.8.Final\hibernate-core-5.4.8.Final.jar;C:\Users\juanc\.m2\repository\org\jboss\logging\jboss-logging\3.3.2.Final\jboss-logging-3.3.2.Final.jar;C:\Users\juanc\.m2\repository\javax\persistence\javax.persistence-api\2.2\javax.persistence-api-2.2.jar;C:\Users\juanc\.m2\repository\org\javassist\javassist\3.24.0-GA\javassist-3.24.0-GA.jar;C:\Users\juanc\.m2\repository\net\bytebuddy\byte-buddy\1.10.2\byte-buddy-1.10.2.jar;C:\Users\juanc\.m2\repository\antlr\antlr\2.7.7\antlr-2.7.7.jar;C:\Users\juanc\.m2\repository\org\jboss\spec\javax\transaction\jboss-transaction-api_1.2_spec\1.1.1.Final\jboss-transaction-api_1.2_spec-1.1.1.Final.jar;C:\Users\juanc\.m2\repository\org\jboss\jandex\2.0.5.Final\jandex-2.0.5.Final.jar;C:\Users\juanc\.m2\repository\com\fasterxml\classmate\1.3.4\classmate-1.3.4.jar;C:\Users\juanc\.m2\repository\javax\activation\javax.activation-api\1.2.0\javax.activation-api-1.2.0.jar;C:\Users\juanc\.m2\repository\org\dom4j\dom4j\2.1.1\dom4j-2.1.1.jar;C:\Users\juanc\.m2\repository\org\hibernate\common\hibernate-commons-annotations\5.1.0.Final\hibernate-commons-annotations-5.1.0.Final.jar;C:\Users\juanc\.m2\repository\javax\xml\bind\jaxb-api\2.3.1\jaxb-api-2.3.1.jar;C:\Users\juanc\.m2\repository\org\glassfish\jaxb\jaxb-runtime\2.3.1\jaxb-runtime-2.3.1.jar;C:\Users\juanc\.m2\repository\org\glassfish\jaxb\txw2\2.3.1\txw2-2.3.1.jar;C:\Users\juanc\.m2\repository\com\sun\istack\istack-commons-runtime\3.0.7\istack-commons-runtime-3.0.7.jar;C:\Users\juanc\.m2\repository\org\jvnet\staxex\stax-ex\1.8\stax-ex-1.8.jar;C:\Users\juanc\.m2\r
Launcher Type: SUN_STANDARD

Environment Variables:
PATH=C:/Program Files/Java/jdk-13.0.1/bin/server;C:/Program Files/Java/jdk-13.0.1/bin;C:\Program Files (x86)\Common Files\Oracle\Java\javapath;C:\Users\juanc\AppData\Roaming\Microsoft\Windows\Start Menu\Programs\Python 3.8;C:\Users\juanc\AppData\Local\Programs\Python\Python38-32\Scripts\;C:\Users\juanc\AppData\Local\Programs\Python\Python38-32\;C:\Users\juanc\AppData\Local\Microsoft\WindowsApps;C:\Users\juanc\AppData\Local\atom\bin;"c:\windows;c:\windows\system32;c:\windows\system32\wbem";C:\Program Files\MongoDB\Server\4.2\bin;;C:\Windows\System32;
USERNAME=juanc
OS=Windows_NT
PROCESSOR_IDENTIFIER=Intel64 Family 6 Model 78 Stepping 3, GenuineIntel



---------------  S Y S T E M  ---------------

OS: Windows 10.0 , 64 bit Build 18362 (10.0.18362.778)

CPU:total 4 (2 cores per cpu, 2 threads per core) family 6 model 78 stepping 3, cmov, cx8, fxsr, mmx, sse, sse2, sse3, ssse3, sse4.1, sse4.2, popcnt, avx, avx2, aes, clmul, erms, 3dnowpref, lzcnt, ht, tsc, tscinvbit, bmi1, bmi2, adx

Memory: 4k page, physical 8180792k(3068712k free), swap 9819192k(2753576k free)

vm_info: Java HotSpot(TM) 64-Bit Server VM (25.111-b14) for windows-amd64 JRE (1.8.0_111-b14), built on Sep 22 2016 19:24:05 by "java_re" with MS VC++ 10.0 (VS2010)

time: Thu Apr 30 19:05:07 2020
elapsed time: 26 seconds (0d 0h 0m 26s)

